make --dry-run --keep-going --print-directory
make: Entering directory '/home/matt/Documents/GIT/ECOLE42/cub'
 
cc    -c -o src/parce/identifiers/ident_parce.o src/parce/identifiers/ident_parce.c
 
cc    -c -o src/parce/identifiers/resolution.o src/parce/identifiers/resolution.c
cc    -c -o src/parce/identifiers/texture.o src/parce/identifiers/texture.c
 
cc    -c -o src/parce/map/map.o src/parce/map/map.c
 
cc    -c -o src/parce/map/symbol_check.o src/parce/map/symbol_check.c
 
cc    -c -o src/parce/map/tmp_map.o src/parce/map/tmp_map.c
cc    -c -o src/parce/map/player.o src/parce/map/player.c
cc    -c -o src/parce/file_parce.o src/parce/file_parce.c
 
cc    -c -o src/parce/valid_input.o src/parce/valid_input.c
 
cc    -c -o src/screen/raycasting.o src/screen/raycasting.c
 
cc    -c -o src/screen/screen.o src/screen/screen.c
 
cc    -c -o src/screen/texturisation.o src/screen/texturisation.c
cc    -c -o src/screen/mini_map.o src/screen/mini_map.c
 
cc    -c -o src/utils/move.o src/utils/move.c
 
cc    -c -o src/utils/turn.o src/utils/turn.c
 
cc    -c -o src/screen/draw_sprite.o src/screen/draw_sprite.c
cc    -c -o src/screen/ray_walls.o src/screen/ray_walls.c
 
cc    -c -o src/utils/err_exit.o src/utils/err_exit.c
 
cc    -c -o src/utils/init_struct.o src/utils/init_struct.c
 
cc    -c -o src/utils/bmp.o src/utils/bmp.c
cc    -c -o src/utils/manage.o src/utils/manage.c
 
cc    -c -o cub3d.o cub3d.c
make -s -C ./libft
 
make[1]: Entering directory '/home/matt/Documents/GIT/ECOLE42/cub/libft'
cc    -c -o ft_atoi.o ft_atoi.c
 
cc    -c -o ft_isascii.o ft_isascii.c
cc    -c -o ft_isalnum.o ft_isalnum.c
 
cc    -c -o ft_isalpha.o ft_isalpha.c
 
cc    -c -o ft_isdigit.o ft_isdigit.c
cc    -c -o ft_isprint.o ft_isprint.c
 
cc    -c -o ft_tolower.o ft_tolower.c
 
cc    -c -o ft_toupper.o ft_toupper.c
 
cc    -c -o ft_strlen.o ft_strlen.c
 
cc    -c -o ft_strlcat.o ft_strlcat.c
cc    -c -o ft_strlcpy.o ft_strlcpy.c
 
cc    -c -o ft_strchr.o ft_strchr.c
 
cc    -c -o ft_strrchr.o ft_strrchr.c
 
cc    -c -o ft_strnstr.o ft_strnstr.c
cc    -c -o ft_strncmp.o ft_strncmp.c
 
cc    -c -o ft_memcpy.o ft_memcpy.c
 
cc    -c -o ft_memmove.o ft_memmove.c
cc    -c -o ft_memset.o ft_memset.c
 
cc    -c -o ft_bzero.o ft_bzero.c
 
cc    -c -o ft_memccpy.o ft_memccpy.c
cc    -c -o ft_memchr.o ft_memchr.c
 
cc    -c -o ft_memcmp.o ft_memcmp.c
 
cc    -c -o ft_calloc.o ft_calloc.c
cc    -c -o ft_strdup.o ft_strdup.c
 
cc    -c -o ft_itoa.o ft_itoa.c
 
cc    -c -o ft_strjoin.o ft_strjoin.c
cc    -c -o ft_substr.o ft_substr.c
 
cc    -c -o ft_strtrim.o ft_strtrim.c
 
cc    -c -o ft_split.o ft_split.c
 
cc    -c -o ft_strmapi.o ft_strmapi.c
cc    -c -o ft_putstr_fd.o ft_putstr_fd.c
 
cc    -c -o ft_putchar_fd.o ft_putchar_fd.c
 
cc    -c -o ft_putendl_fd.o ft_putendl_fd.c
cc    -c -o ft_putnbr_fd.o ft_putnbr_fd.c
 
cc    -c -o ft_lstadd_front.o ft_lstadd_front.c
 
cc    -c -o ft_lstnew.o ft_lstnew.c
 
cc    -c -o ft_lstsize.o ft_lstsize.c
cc    -c -o ft_lstlast.o ft_lstlast.c
 
cc    -c -o ft_lstadd_back.o ft_lstadd_back.c
 
cc    -c -o ft_lstdelone.o ft_lstdelone.c
cc    -c -o ft_lstclear.o ft_lstclear.c
 
cc    -c -o ft_lstiter.o ft_lstiter.c
 
cc    -c -o ft_lstmap.o ft_lstmap.c
 
cc    -c -o gnl.o gnl.c
cc    -c -o ft_rgb.o ft_rgb.c
 
cc    -c -o utils_gnl.o utils_gnl.c
gcc  -c -Wall -Werror -Wextra  ft_atoi.c ft_isascii.c ft_isalnum.c ft_isalpha.c ft_isdigit.c ft_isprint.c ft_tolower.c ft_toupper.c ft_strlen.c ft_strlcat.c ft_strlcpy.c ft_strchr.c ft_strrchr.c ft_strnstr.c ft_strncmp.c ft_memcpy.c ft_memmove.c ft_memset.c ft_bzero.c ft_memccpy.c ft_memchr.c ft_memcmp.c ft_calloc.c ft_strdup.c ft_itoa.c ft_strjoin.c ft_substr.c ft_strtrim.c ft_split.c ft_strmapi.c ft_putstr_fd.c ft_putchar_fd.c ft_putendl_fd.c ft_putnbr_fd.c ft_lstadd_front.c ft_lstnew.c ft_lstsize.c ft_lstlast.c ft_lstadd_back.c ft_lstdelone.c ft_lstclear.c ft_lstiter.c ft_lstmap.c gnl.c ft_rgb.c utils_gnl.c 
ar rc libft.a ft_atoi.o ft_isascii.o ft_isalnum.o ft_isalpha.o ft_isdigit.o ft_isprint.o ft_tolower.o ft_toupper.o ft_strlen.o ft_strlcat.o ft_strlcpy.o ft_strchr.o ft_strrchr.o ft_strnstr.o ft_strncmp.o ft_memcpy.o ft_memmove.o ft_memset.o ft_bzero.o ft_memccpy.o ft_memchr.o ft_memcmp.o ft_calloc.o ft_strdup.o ft_itoa.o ft_strjoin.o ft_substr.o ft_strtrim.o ft_split.o ft_strmapi.o ft_putstr_fd.o ft_putchar_fd.o ft_putendl_fd.o ft_putnbr_fd.o ft_lstadd_front.o ft_lstnew.o ft_lstsize.o ft_lstlast.o ft_lstadd_back.o ft_lstdelone.o ft_lstclear.o ft_lstiter.o ft_lstmap.o gnl.o ft_rgb.o utils_gnl.o
ranlib libft.a
make[1]: Leaving directory '/home/matt/Documents/GIT/ECOLE42/cub/libft'
 
make -s -C ./minilibx-linux
 
make[1]: Entering directory '/home/matt/Documents/GIT/ECOLE42/cub/minilibx-linux'
./configure
make[1]: Leaving directory '/home/matt/Documents/GIT/ECOLE42/cub/minilibx-linux'
 
gcc -Wall -Werror -Wextra -g -fsanitize=address -I ./include -I ./libft -I ./mlx src/parce/identifiers/ident_parce.o src/parce/identifiers/resolution.o src/parce/identifiers/texture.o src/parce/map/map.o src/parce/map/symbol_check.o src/parce/map/tmp_map.o src/parce/map/player.o src/parce/file_parce.o src/parce/valid_input.o src/screen/raycasting.o src/screen/screen.o src/screen/texturisation.o src/screen/mini_map.o src/utils/move.o src/utils/turn.o src/screen/draw_sprite.o src/screen/ray_walls.o src/utils/err_exit.o src/utils/init_struct.o src/utils/bmp.o src/utils/manage.o cub3d.o -lX11 -lXext -lm -L./libft -lft -L./minilibx-linux -lmlx -o cub3d
 
make: Leaving directory '/home/matt/Documents/GIT/ECOLE42/cub'
 
